# JRE version: OpenJDK Runtime Environment (11.0.11+9) (build 11.0.11+9-b60-7590822)
# Java VM: OpenJDK 64-Bit Server VM (11.0.11+9-b60-7590822, mixed mode, tiered, compressed oops, g1 gc, windows-amd64)
Heap:
 garbage-first heap   total 932864K, used 217969K [0x0000000080000000, 0x0000000100000000)
  region size 1024K, 10 young (10240K), 10 survivors (10240K)
 Metaspace       used 158421K, capacity 163891K, committed 164784K, reserved 1191936K
  class space    used 19707K, capacity 21683K, committed 22500K, reserved 1048576K
GC Heap History (20 events):
Event: 10338.333 GC heap after
{Heap after GC invocations=86 (full 1):
 garbage-first heap   total 264192K, used 155682K [0x0000000080000000, 0x0000000100000000)
  region size 1024K, 1 young (1024K), 1 survivors (1024K)
 Metaspace       used 157457K, capacity 162665K, committed 163760K, reserved 1189888K
  class space    used 19610K, capacity 21542K, committed 22500K, reserved 1048576K
}
Event: 10338.727 GC heap before
{Heap before GC invocations=87 (full 1):
 garbage-first heap   total 264192K, used 212002K [0x0000000080000000, 0x0000000100000000)
  region size 1024K, 54 young (55296K), 1 survivors (1024K)
 Metaspace       used 157466K, capacity 162677K, committed 163760K, reserved 1189888K
  class space    used 19612K, capacity 21546K, committed 22500K, reserved 1048576K
}
Event: 10338.741 GC heap after
{Heap after GC invocations=88 (full 1):
 garbage-first heap   total 264192K, used 158677K [0x0000000080000000, 0x0000000100000000)
  region size 1024K, 2 young (2048K), 2 survivors (2048K)
 Metaspace       used 157466K, capacity 162677K, committed 163760K, reserved 1189888K
  class space    used 19612K, capacity 21546K, committed 22500K, reserved 1048576K
}
Event: 10338.798 GC heap before
{Heap before GC invocations=88 (full 1):
 garbage-first heap   total 264192K, used 168917K [0x0000000080000000, 0x0000000100000000)
  region size 1024K, 12 young (12288K), 2 survivors (2048K)
 Metaspace       used 157466K, capacity 162677K, committed 163760K, reserved 1189888K
  class space    used 19612K, capacity 21546K, committed 22500K, reserved 1048576K
}
Event: 10338.823 GC heap after
{Heap after GC invocations=89 (full 1):
 garbage-first heap   total 264192K, used 152731K [0x0000000080000000, 0x0000000100000000)
  region size 1024K, 2 young (2048K), 2 survivors (2048K)
 Metaspace       used 157466K, capacity 162677K, committed 163760K, reserved 1189888K
  class space    used 19612K, capacity 21546K, committed 22500K, reserved 1048576K
}
Event: 10339.298 GC heap before
{Heap before GC invocations=89 (full 1):
 garbage-first heap   total 264192K, used 211099K [0x0000000080000000, 0x0000000100000000)
  region size 1024K, 59 young (60416K), 2 survivors (2048K)
 Metaspace       used 157466K, capacity 162677K, committed 163760K, reserved 1189888K
  class space    used 19612K, capacity 21546K, committed 22500K, reserved 1048576K
}
Event: 10339.306 GC heap after
{Heap after GC invocations=90 (full 1):
 garbage-first heap   total 264192K, used 153684K [0x0000000080000000, 0x0000000100000000)
  region size 1024K, 3 young (3072K), 3 survivors (3072K)
 Metaspace       used 157466K, capacity 162677K, committed 163760K, reserved 1189888K
  class space    used 19612K, capacity 21546K, committed 22500K, reserved 1048576K
}
Event: 10340.134 GC heap before
{Heap before GC invocations=91 (full 1):
 garbage-first heap   total 264192K, used 218196K [0x0000000080000000, 0x0000000100000000)
  region size 1024K, 62 young (63488K), 3 survivors (3072K)
 Metaspace       used 157628K, capacity 162959K, committed 164016K, reserved 1191936K
  class space    used 19641K, capacity 21598K, committed 22500K, reserved 1048576K
}
Event: 10340.147 GC heap after
{Heap after GC invocations=92 (full 1):
 garbage-first heap   total 264192K, used 155237K [0x0000000080000000, 0x0000000100000000)
  region size 1024K, 4 young (4096K), 4 survivors (4096K)
 Metaspace       used 157628K, capacity 162959K, committed 164016K, reserved 1191936K
  class space    used 19641K, capacity 21598K, committed 22500K, reserved 1048576K
}
Event: 10340.166 GC heap before
{Heap before GC invocations=92 (full 1):
 garbage-first heap   total 264192K, used 162405K [0x0000000080000000, 0x0000000100000000)
  region size 1024K, 12 young (12288K), 4 survivors (4096K)
 Metaspace       used 157634K, capacity 162965K, committed 164016K, reserved 1191936K
  class space    used 19642K, capacity 21600K, committed 22500K, reserved 1048576K
}
Event: 10340.186 GC heap after
{Heap after GC invocations=93 (full 1):
 garbage-first heap   total 264192K, used 156820K [0x0000000080000000, 0x0000000100000000)
  region size 1024K, 2 young (2048K), 2 survivors (2048K)
 Metaspace       used 157634K, capacity 162965K, committed 164016K, reserved 1191936K
  class space    used 19642K, capacity 21600K, committed 22500K, reserved 1048576K
}
Event: 10340.428 GC heap before
{Heap before GC invocations=93 (full 1):
 garbage-first heap   total 264192K, used 215188K [0x0000000080000000, 0x0000000100000000)
  region size 1024K, 60 young (61440K), 2 survivors (2048K)
 Metaspace       used 158033K, capacity 163391K, committed 164272K, reserved 1191936K
  class space    used 19686K, capacity 21635K, committed 22500K, reserved 1048576K
}
Event: 10340.489 GC heap after
{Heap after GC invocations=94 (full 1):
 garbage-first heap   total 346112K, used 163939K [0x0000000080000000, 0x0000000100000000)
  region size 1024K, 8 young (8192K), 8 survivors (8192K)
 Metaspace       used 158033K, capacity 163391K, committed 164272K, reserved 1191936K
  class space    used 19686K, capacity 21635K, committed 22500K, reserved 1048576K
}
Event: 10341.905 GC heap before
{Heap before GC invocations=95 (full 1):
 garbage-first heap   total 346112K, used 252003K [0x0000000080000000, 0x0000000100000000)
  region size 1024K, 95 young (97280K), 8 survivors (8192K)
 Metaspace       used 158301K, capacity 163734K, committed 164784K, reserved 1191936K
  class space    used 19700K, capacity 21678K, committed 22500K, reserved 1048576K
}
Event: 10341.980 GC heap after
{Heap after GC invocations=96 (full 1):
 garbage-first heap   total 346112K, used 170432K [0x0000000080000000, 0x0000000100000000)
  region size 1024K, 7 young (7168K), 7 survivors (7168K)
 Metaspace       used 158301K, capacity 163734K, committed 164784K, reserved 1191936K
  class space    used 19700K, capacity 21678K, committed 22500K, reserved 1048576K
}
Event: 10342.298 GC heap before
{Heap before GC invocations=96 (full 1):
 garbage-first heap   total 346112K, used 258496K [0x0000000080000000, 0x0000000100000000)
  region size 1024K, 94 young (96256K), 7 survivors (7168K)
 Metaspace       used 158346K, capacity 163810K, committed 164784K, reserved 1191936K
  class space    used 19700K, capacity 21678K, committed 22500K, reserved 1048576K
}
Event: 10342.507 GC heap after
{Heap after GC invocations=97 (full 1):
 garbage-first heap   total 346112K, used 194147K [0x0000000080000000, 0x0000000100000000)
  region size 1024K, 12 young (12288K), 12 survivors (12288K)
 Metaspace       used 158346K, capacity 163810K, committed 164784K, reserved 1191936K
  class space    used 19700K, capacity 21678K, committed 22500K, reserved 1048576K
}
Event: 10342.972 GC heap before
{Heap before GC invocations=97 (full 1):
 garbage-first heap   total 346112K, used 266851K [0x0000000080000000, 0x0000000100000000)
  region size 1024K, 84 young (86016K), 12 survivors (12288K)
 Metaspace       used 158396K, capacity 163889K, committed 164784K, reserved 1191936K
  class space    used 19705K, capacity 21682K, committed 22500K, reserved 1048576K
}
Event: 10343.087 GC heap after
{Heap after GC invocations=98 (full 1):
 garbage-first heap   total 346112K, used 206491K [0x0000000080000000, 0x0000000100000000)
  region size 1024K, 11 young (11264K), 11 survivors (11264K)
 Metaspace       used 158396K, capacity 163889K, committed 164784K, reserved 1191936K
  class space    used 19705K, capacity 21682K, committed 22500K, reserved 1048576K
}
Event: 10343.330 GC heap before
{Heap before GC invocations=98 (full 1):
 garbage-first heap   total 346112K, used 273051K [0x0000000080000000, 0x0000000100000000)
  region size 1024K, 77 young (78848K), 11 survivors (11264K)
 Metaspace       used 158421K, capacity 163891K, committed 164784K, reserved 1191936K
  class space    used 19707K, capacity 21683K, committed 22500K, reserved 1048576K
}

